{"C:\\Users\\JULE\\Desktop\\myBrandbackend\\src\\models\\message.js": {"path":"C:\\Users\\JULE\\Desktop\\myBrandbackend\\src\\models\\message.js","statementMap":{"0":{"start":{"line":3,"column":15},"end":{"line":20,"column":2}},"1":{"start":{"line":22,"column":0},"end":{"line":22,"column":47}}},"fnMap":{},"branchMap":{},"s":{"0":1,"1":1},"f":{},"b":{},"_coverageSchema":"1a1c01bbd47fc00a2c39e90264f33305004495a9","hash":"94ff9024216cfb08cab27bc4d739c552d755c082"}
,"C:\\Users\\JULE\\Desktop\\myBrandbackend\\src\\models\\user.js": {"path":"C:\\Users\\JULE\\Desktop\\myBrandbackend\\src\\models\\user.js","statementMap":{"0":{"start":{"line":4,"column":15},"end":{"line":22,"column":2}},"1":{"start":{"line":24,"column":0},"end":{"line":24,"column":44}}},"fnMap":{},"branchMap":{},"s":{"0":1,"1":1},"f":{},"b":{},"_coverageSchema":"1a1c01bbd47fc00a2c39e90264f33305004495a9","hash":"53b7706f8689aa374e99bbbd752c4f35966e8ecf"}
}
