TN:
SF:src\index.js
FN:21,(anonymous_0)
FNF:1
FNH:0
FNDA:0,(anonymous_0)
DA:4,3
DA:6,3
DA:7,3
DA:10,3
DA:12,3
DA:14,3
DA:17,3
DA:18,3
DA:19,3
DA:21,3
DA:22,0
DA:25,3
LF:12
LH:11
BRDA:12,0,0,3
BRDA:12,0,1,0
BRF:2
BRH:1
end_of_record
TN:
SF:src\config\cloudinary.js
FNF:0
FNH:0
DA:1,3
DA:3,3
DA:10,3
LF:3
LH:3
BRF:0
BRH:0
end_of_record
TN:
SF:src\config\db.config.js
FN:3,(anonymous_0)
FN:9,(anonymous_1)
FNF:2
FNH:2
FNDA:3,(anonymous_0)
FNDA:3,(anonymous_1)
DA:3,3
DA:4,3
DA:11,3
LF:3
LH:3
BRF:0
BRH:0
end_of_record
TN:
SF:src\controllers\articleController.js
FN:15,(anonymous_0)
FN:17,(anonymous_1)
FN:23,(anonymous_2)
FN:29,(anonymous_3)
FN:45,(anonymous_4)
FN:48,(anonymous_5)
FN:54,(anonymous_6)
FN:64,(anonymous_7)
FN:72,(anonymous_8)
FN:76,(anonymous_9)
FN:82,(anonymous_10)
FN:83,(anonymous_11)
FN:86,(anonymous_12)
FN:94,(anonymous_13)
FN:103,(anonymous_14)
FN:107,(anonymous_15)
FN:113,(anonymous_16)
FN:116,(anonymous_17)
FN:124,(anonymous_18)
FN:131,(anonymous_19)
FN:137,(anonymous_20)
FN:145,(anonymous_21)
FN:150,(anonymous_22)
FN:151,(anonymous_23)
FN:155,(anonymous_24)
FN:159,(anonymous_25)
FN:167,(anonymous_26)
FN:170,(anonymous_27)
FN:172,(anonymous_28)
FN:179,(anonymous_29)
FN:180,(anonymous_30)
FN:184,(anonymous_31)
FN:188,(anonymous_32)
FN:191,(anonymous_33)
FN:197,(anonymous_34)
FNF:35
FNH:12
FNDA:6,(anonymous_0)
FNDA:6,(anonymous_1)
FNDA:1,(anonymous_2)
FNDA:1,(anonymous_3)
FNDA:1,(anonymous_4)
FNDA:0,(anonymous_5)
FNDA:0,(anonymous_6)
FNDA:1,(anonymous_7)
FNDA:1,(anonymous_8)
FNDA:1,(anonymous_9)
FNDA:1,(anonymous_10)
FNDA:0,(anonymous_11)
FNDA:0,(anonymous_12)
FNDA:0,(anonymous_13)
FNDA:1,(anonymous_14)
FNDA:1,(anonymous_15)
FNDA:1,(anonymous_16)
FNDA:0,(anonymous_17)
FNDA:0,(anonymous_18)
FNDA:0,(anonymous_19)
FNDA:0,(anonymous_20)
FNDA:0,(anonymous_21)
FNDA:0,(anonymous_22)
FNDA:0,(anonymous_23)
FNDA:0,(anonymous_24)
FNDA:0,(anonymous_25)
FNDA:0,(anonymous_26)
FNDA:0,(anonymous_27)
FNDA:0,(anonymous_28)
FNDA:0,(anonymous_29)
FNDA:0,(anonymous_30)
FNDA:0,(anonymous_31)
FNDA:0,(anonymous_32)
FNDA:0,(anonymous_33)
FNDA:0,(anonymous_34)
DA:8,3
DA:9,3
DA:10,3
DA:11,3
DA:13,3
DA:15,3
DA:16,6
DA:18,6
DA:23,3
DA:25,1
DA:26,1
DA:27,1
DA:30,1
DA:32,1
DA:34,1
DA:40,1
DA:41,0
DA:42,0
DA:44,1
DA:46,1
DA:48,0
DA:52,0
DA:55,0
DA:59,0
DA:64,3
DA:65,1
DA:66,1
DA:67,1
DA:68,1
DA:70,1
DA:73,1
DA:75,1
DA:77,1
DA:78,1
DA:79,1
DA:80,1
DA:81,1
DA:82,1
DA:83,0
DA:87,0
DA:92,0
DA:95,0
DA:99,0
DA:103,3
DA:104,1
DA:105,1
DA:110,1
DA:112,1
DA:114,1
DA:117,0
DA:122,0
DA:125,0
DA:131,3
DA:132,0
DA:133,0
DA:135,0
DA:138,0
DA:144,0
DA:146,0
DA:148,0
DA:149,0
DA:150,0
DA:151,0
DA:153,0
DA:155,0
DA:159,3
DA:160,0
DA:161,0
DA:163,0
DA:166,0
DA:168,0
DA:170,0
DA:171,0
DA:172,0
DA:176,0
DA:178,0
DA:179,0
DA:180,0
DA:182,0
DA:184,0
DA:188,3
DA:189,0
DA:190,0
DA:192,0
DA:193,0
DA:195,0
DA:198,0
LF:87
LH:41
BRDA:32,0,0,1
BRDA:32,0,1,0
BRDA:40,1,0,0
BRDA:40,1,1,1
BRDA:73,2,0,1
BRDA:73,2,1,0
BRDA:77,3,0,1
BRDA:77,3,1,0
BRDA:79,4,0,1
BRDA:79,4,1,0
BRDA:110,5,0,1
BRDA:110,5,1,0
BRDA:146,6,0,0
BRDA:146,6,1,0
BRDA:168,7,0,0
BRDA:168,7,1,0
BRDA:171,8,0,0
BRDA:171,8,1,0
BRDA:192,9,0,0
BRDA:192,9,1,0
BRF:20
BRH:6
end_of_record
TN:
SF:src\controllers\messageController.js
FN:5,(anonymous_0)
FN:14,(anonymous_1)
FN:25,(anonymous_2)
FN:28,(anonymous_3)
FN:35,(anonymous_4)
FN:38,(anonymous_5)
FN:44,(anonymous_6)
FN:47,(anonymous_7)
FN:50,(anonymous_8)
FNF:9
FNH:5
FNDA:1,(anonymous_0)
FNDA:1,(anonymous_1)
FNDA:1,(anonymous_2)
FNDA:1,(anonymous_3)
FNDA:1,(anonymous_4)
FNDA:0,(anonymous_5)
FNDA:0,(anonymous_6)
FNDA:0,(anonymous_7)
FNDA:0,(anonymous_8)
DA:5,3
DA:6,1
DA:7,1
DA:8,1
DA:13,1
DA:15,1
DA:21,0
DA:25,3
DA:26,1
DA:31,1
DA:34,1
DA:36,1
DA:38,0
DA:42,0
DA:44,3
DA:45,0
DA:46,0
DA:48,0
DA:50,0
DA:52,3
LF:20
LH:13
BRDA:31,0,0,1
BRDA:31,0,1,0
BRF:2
BRH:1
end_of_record
TN:
SF:src\controllers\userController.js
FN:7,(anonymous_0)
FN:23,(anonymous_1)
FN:34,(anonymous_2)
FN:40,(anonymous_3)
FN:61,(anonymous_4)
FNF:5
FNH:4
FNDA:8,(anonymous_0)
FNDA:4,(anonymous_1)
FNDA:0,(anonymous_2)
FNDA:5,(anonymous_3)
FNDA:8,(anonymous_4)
DA:7,3
DA:8,8
DA:9,8
DA:10,8
DA:11,8
DA:12,4
DA:14,4
DA:15,4
DA:16,4
DA:22,4
DA:23,4
DA:34,0
DA:37,0
DA:40,3
DA:41,5
DA:42,5
DA:43,4
DA:44,4
DA:45,4
DA:47,4
DA:55,0
DA:58,1
DA:61,3
DA:62,8
DA:64,3
LF:25
LH:22
BRDA:11,0,0,4
BRDA:11,0,1,4
BRDA:45,1,0,4
BRDA:45,1,1,0
BRDA:45,2,0,4
BRDA:45,2,1,4
BRF:6
BRH:5
end_of_record
TN:
SF:src\middleware\passport.js
FN:11,(anonymous_0)
FN:13,(anonymous_1)
FNF:2
FNH:2
FNDA:5,(anonymous_0)
FNDA:5,(anonymous_1)
DA:3,3
DA:4,3
DA:7,3
DA:8,3
DA:9,3
DA:11,3
DA:13,5
DA:14,5
DA:15,0
DA:17,5
DA:18,4
DA:20,1
LF:12
LH:11
BRDA:14,0,0,0
BRDA:14,0,1,5
BRDA:17,1,0,4
BRDA:17,1,1,1
BRF:4
BRH:3
end_of_record
TN:
SF:src\models\Post.js
FNF:0
FNH:0
DA:4,3
DA:50,3
LF:2
LH:2
BRF:0
BRH:0
end_of_record
TN:
SF:src\models\message.js
FNF:0
FNH:0
DA:3,3
DA:22,3
LF:2
LH:2
BRF:0
BRH:0
end_of_record
TN:
SF:src\models\user.js
FNF:0
FNH:0
DA:4,3
DA:24,3
LF:2
LH:2
BRF:0
BRH:0
end_of_record
TN:
SF:src\routers\blogRouter.js
FNF:0
FNH:0
DA:6,3
DA:9,3
DA:10,3
DA:12,3
DA:14,3
DA:15,3
DA:16,3
DA:17,3
DA:22,3
LF:9
LH:9
BRF:0
BRH:0
end_of_record
TN:
SF:src\routers\index.js
FNF:0
FNH:0
DA:8,3
DA:9,3
DA:10,3
DA:11,3
DA:13,3
LF:5
LH:5
BRF:0
BRH:0
end_of_record
TN:
SF:src\routers\messageRouter.js
FNF:0
FNH:0
DA:3,3
DA:6,3
DA:7,3
DA:8,3
DA:10,3
LF:5
LH:5
BRF:0
BRH:0
end_of_record
TN:
SF:src\routers\userRouter.js
FNF:0
FNH:0
DA:3,3
DA:4,3
DA:5,3
LF:3
LH:3
BRF:0
BRH:0
end_of_record
TN:
SF:src\support\photoupload.js
FN:4,(anonymous_0)
FN:10,(anonymous_1)
FNF:2
FNH:0
FNDA:0,(anonymous_0)
FNDA:0,(anonymous_1)
DA:4,3
DA:5,0
DA:6,0
DA:7,0
DA:10,0
DA:12,0
DA:14,0
DA:19,3
LF:8
LH:2
BRF:0
BRH:0
end_of_record
TN:
SF:src\support\validat.js
FNF:0
FNH:0
DA:3,3
DA:9,3
DA:15,3
DA:21,3
DA:25,3
DA:31,3
LF:6
LH:6
BRF:0
BRH:0
end_of_record
TN:
SF:src\swagger\index.doc.js
FNF:0
FNH:0
DA:1,3
DA:2,3
DA:4,3
DA:7,3
DA:8,3
DA:9,3
DA:11,3
DA:451,3
DA:453,3
LF:9
LH:9
BRDA:19,0,0,0
BRDA:19,0,1,3
BRF:2
BRH:1
end_of_record
